{"name": "Логин с невалидными данными", "status": "broken", "statusDetails": {"message": "selenium.common.exceptions.TimeoutException: Message: Can't find element by locator ('xpath', \"//gb-notification//div[contains(@class,'notification-type-error') and text()='Ошибка сервера']\")", "trace": "driver = <selenium.webdriver.chrome.webdriver.WebDriver (session=\"f53ce57b6b092737056193c927dbaf69\")>\n\n    @allure.feature('Логин/Логаут')\n    @allure.story('Логин админом')\n    @allure.title('Логин с невалидными данными')\n    @allure.severity(allure.severity_level.CRITICAL)\n    def test_pkm_login_invalid(driver):\n        login_page = LoginPage(driver, Vars.PKM_MAIN_URL)\n        modal = Modals(driver)\n    \n        with allure.step('Перейти на сайт'):\n            login_page.go_to_site()\n    \n        with allure.step('Ввести валидный логин \"{}\" в поле лонина'.format(user.invalid_pass_user.login)):\n            login_page.enter_login(user.invalid_pass_user.login)\n    \n        with allure.step('Ввести невалидный пароль {} в поле пароля'.format(user.invalid_pass_user.password)):\n            login_page.enter_pass(user.invalid_pass_user.password)\n    \n        with allure.step('Нажать кнопку \"Войти как администратор\"'):\n            login_page.login_as_admin()\n    \n        with allure.step('Проверить, отображение окна с ошибкой'):\n>           modal.check_error_displaying(wait_disappear=True)\n\ntests/test_1_login.py:59: \n_ _ _ _ _ _ _ _ _ _ _ _ _ _ _ _ _ _ _ _ _ _ _ _ _ _ _ _ _ _ _ _ _ _ _ _ _ _ _ _ _ _ _ _ _ _ _ _ _ _ _ _ _ _ _ _ _ _ _ _ _ _ _ _ _ _ _ _ _ _ _ _ _ _ _ _ _ _ _ _ _ _ _\npages/components/modals.py:23: in check_error_displaying\n    assert self.find_element(self.LOCATOR_ERROR_NOTIFICATION), 'Окно с ошибкой не отображается'\ncore.py:23: in find_element\n    message=f\"Can't find element by locator {locator}\")\n_ _ _ _ _ _ _ _ _ _ _ _ _ _ _ _ _ _ _ _ _ _ _ _ _ _ _ _ _ _ _ _ _ _ _ _ _ _ _ _ _ _ _ _ _ _ _ _ _ _ _ _ _ _ _ _ _ _ _ _ _ _ _ _ _ _ _ _ _ _ _ _ _ _ _ _ _ _ _ _ _ _ _\n\nself = <selenium.webdriver.support.wait.WebDriverWait (session=\"f53ce57b6b092737056193c927dbaf69\")>\nmethod = <selenium.webdriver.support.expected_conditions.presence_of_element_located object at 0x7fcdef1a5b70>\nmessage = 'Can\\'t find element by locator (\\'xpath\\', \"//gb-notification//div[contains(@class,\\'notification-type-error\\') and text()=\\'Ошибка сервера\\']\")'\n\n    def until(self, method, message=''):\n        \"\"\"Calls the method provided with the driver as an argument until the \\\n        return value is not False.\"\"\"\n        screen = None\n        stacktrace = None\n    \n        end_time = time.time() + self._timeout\n        while True:\n            try:\n                value = method(self._driver)\n                if value:\n                    return value\n            except self._ignored_exceptions as exc:\n                screen = getattr(exc, 'screen', None)\n                stacktrace = getattr(exc, 'stacktrace', None)\n            time.sleep(self._poll)\n            if time.time() > end_time:\n                break\n>       raise TimeoutException(message, screen, stacktrace)\nE       selenium.common.exceptions.TimeoutException: Message: Can't find element by locator ('xpath', \"//gb-notification//div[contains(@class,'notification-type-error') and text()='Ошибка сервера']\")\n\n../../.local/lib/python3.6/site-packages/selenium/webdriver/support/wait.py:80: TimeoutException"}, "steps": [{"name": "Перейти на сайт", "status": "passed", "start": 1587198450061, "stop": 1587198459363}, {"name": "Ввести валидный логин \"admin\" в поле лонина", "status": "passed", "start": 1587198459363, "stop": 1587198459547}, {"name": "Ввести невалидный пароль asdf в поле пароля", "status": "passed", "start": 1587198459547, "stop": 1587198459744}, {"name": "Нажать кнопку \"Войти как администратор\"", "status": "passed", "start": 1587198459745, "stop": 1587198459914}, {"name": "Проверить, отображение окна с ошибкой", "status": "broken", "statusDetails": {"message": "selenium.common.exceptions.TimeoutException: Message: Can't find element by locator ('xpath', \"//gb-notification//div[contains(@class,'notification-type-error') and text()='Ошибка сервера']\")\n\n", "trace": "  File \"/home/andersen/PycharmProjects/auto-tests/tests/test_1_login.py\", line 59, in test_pkm_login_invalid\n    modal.check_error_displaying(wait_disappear=True)\n  File \"/home/andersen/PycharmProjects/auto-tests/pages/components/modals.py\", line 23, in check_error_displaying\n    assert self.find_element(self.LOCATOR_ERROR_NOTIFICATION), 'Окно с ошибкой не отображается'\n  File \"/home/andersen/PycharmProjects/auto-tests/core.py\", line 23, in find_element\n    message=f\"Can't find element by locator {locator}\")\n  File \"/home/andersen/.local/lib/python3.6/site-packages/selenium/webdriver/support/wait.py\", line 80, in until\n    raise TimeoutException(message, screen, stacktrace)\n"}, "start": 1587198459915, "stop": 1587198470512}], "attachments": [{"name": "screenshot", "source": "b62dcfdf-6163-4b81-9910-61b7d153b9c6-attachment.png", "type": "image/png"}, {"name": "stdout", "source": "e13b6294-5171-40df-95e7-0597465fb4b8-attachment.txt", "type": "text/plain"}], "start": 1587198450061, "stop": 1587198470516, "uuid": "03b250fa-aabd-4e55-92f0-57cd44c096d1", "historyId": "96ba6f3287c51884614891c52db82d3a", "testCaseId": "a870091396398a27235873ce8a4288eb", "fullName": "tests.test_1_login#test_pkm_login_invalid", "labels": [{"name": "feature", "value": "Логин/Логаут"}, {"name": "story", "value": "Логин админом"}, {"name": "severity", "value": "critical"}, {"name": "parentSuite", "value": "tests"}, {"name": "suite", "value": "test_1_login"}, {"name": "host", "value": "Vostro-3559"}, {"name": "thread", "value": "8764-MainThread"}, {"name": "framework", "value": "pytest"}, {"name": "language", "value": "cpython3"}, {"name": "package", "value": "tests.test_1_login"}]}